<?xml version="1.0" encoding="UTF-8"?>
<Site BuildName="(empty)"
	BuildStamp="20241130-1538-Experimental"
	Name="Silksong"
	Generator="ctest-3.28.3"
	CompilerName="/usr/bin/c++"
	CompilerVersion="13.2.0"
	OSName="Linux"
	Hostname="Silksong"
	OSRelease="6.8.0-49-generic"
	OSVersion="#49-Ubuntu SMP PREEMPT_DYNAMIC Mon Nov  4 02:06:24 UTC 2024"
	OSPlatform="x86_64"
	Is64Bits="1"
	VendorString="AuthenticAMD"
	VendorID="Advanced Micro Devices"
	FamilyID="25"
	ModelID="33"
	ProcessorCacheSize="512"
	NumberOfLogicalCPU="12"
	NumberOfPhysicalCPU="6"
	TotalVirtualMemory="8191"
	TotalPhysicalMemory="31990"
	LogicalProcessorsPerPhysical="2"
	ProcessorClockFrequency="3713.39"
	>
	<Testing>
		<StartDateTime>Nov 30 07:38 PST</StartDateTime>
		<StartTestTime>1732981128</StartTestTime>
		<TestList>
			<Test>./lint_cmake</Test>
			<Test>./xmllint</Test>
		</TestList>
		<Test Status="passed">
			<Name>lint_cmake</Name>
			<Path>.</Path>
			<FullName>./lint_cmake</FullName>
			<FullCommandLine>/usr/bin/python3 "-u" "/opt/ros/jazzy/share/ament_cmake_test/cmake/run_test.py" "/home/hollowknight/Documents/code/Doe/build/doe_navigation/test_results/doe_navigation/lint_cmake.xunit.xml" "--package-name" "doe_navigation" "--output-file" "/home/hollowknight/Documents/code/Doe/build/doe_navigation/ament_lint_cmake/lint_cmake.txt" "--command" "/opt/ros/jazzy/bin/ament_lint_cmake" "--xunit-file" "/home/hollowknight/Documents/code/Doe/build/doe_navigation/test_results/doe_navigation/lint_cmake.xunit.xml"</FullCommandLine>
			<Results>
				<NamedMeasurement type="numeric/double" name="Execution Time">
					<Value>0.120938</Value>
				</NamedMeasurement>
				<NamedMeasurement type="numeric/double" name="Processors">
					<Value>1</Value>
				</NamedMeasurement>
				<NamedMeasurement type="text/string" name="Completion Status">
					<Value>Completed</Value>
				</NamedMeasurement>
				<NamedMeasurement type="text/string" name="Command Line">
					<Value>/usr/bin/python3 "-u" "/opt/ros/jazzy/share/ament_cmake_test/cmake/run_test.py" "/home/hollowknight/Documents/code/Doe/build/doe_navigation/test_results/doe_navigation/lint_cmake.xunit.xml" "--package-name" "doe_navigation" "--output-file" "/home/hollowknight/Documents/code/Doe/build/doe_navigation/ament_lint_cmake/lint_cmake.txt" "--command" "/opt/ros/jazzy/bin/ament_lint_cmake" "--xunit-file" "/home/hollowknight/Documents/code/Doe/build/doe_navigation/test_results/doe_navigation/lint_cmake.xunit.xml"</Value>
				</NamedMeasurement>
				<NamedMeasurement type="text/string" name="Environment">
					<Value>#CTEST_RESOURCE_GROUP_COUNT=</Value>
				</NamedMeasurement>
				<Measurement>
					<Value>-- run_test.py: invoking following command in '/home/hollowknight/Documents/code/Doe/src/doe_navigation':
 - /opt/ros/jazzy/bin/ament_lint_cmake --xunit-file /home/hollowknight/Documents/code/Doe/build/doe_navigation/test_results/doe_navigation/lint_cmake.xunit.xml

No problems found
-- run_test.py: return code 0
-- run_test.py: verify result file '/home/hollowknight/Documents/code/Doe/build/doe_navigation/test_results/doe_navigation/lint_cmake.xunit.xml'
</Value>
				</Measurement>
			</Results>
			<Labels>
				<Label>lint_cmake</Label>
				<Label>linter</Label>
			</Labels>
		</Test>
		<Test Status="passed">
			<Name>xmllint</Name>
			<Path>.</Path>
			<FullName>./xmllint</FullName>
			<FullCommandLine>/usr/bin/python3 "-u" "/opt/ros/jazzy/share/ament_cmake_test/cmake/run_test.py" "/home/hollowknight/Documents/code/Doe/build/doe_navigation/test_results/doe_navigation/xmllint.xunit.xml" "--package-name" "doe_navigation" "--output-file" "/home/hollowknight/Documents/code/Doe/build/doe_navigation/ament_xmllint/xmllint.txt" "--command" "/opt/ros/jazzy/bin/ament_xmllint" "--xunit-file" "/home/hollowknight/Documents/code/Doe/build/doe_navigation/test_results/doe_navigation/xmllint.xunit.xml"</FullCommandLine>
			<Results>
				<NamedMeasurement type="numeric/double" name="Execution Time">
					<Value>0.451174</Value>
				</NamedMeasurement>
				<NamedMeasurement type="numeric/double" name="Processors">
					<Value>1</Value>
				</NamedMeasurement>
				<NamedMeasurement type="text/string" name="Completion Status">
					<Value>Completed</Value>
				</NamedMeasurement>
				<NamedMeasurement type="text/string" name="Command Line">
					<Value>/usr/bin/python3 "-u" "/opt/ros/jazzy/share/ament_cmake_test/cmake/run_test.py" "/home/hollowknight/Documents/code/Doe/build/doe_navigation/test_results/doe_navigation/xmllint.xunit.xml" "--package-name" "doe_navigation" "--output-file" "/home/hollowknight/Documents/code/Doe/build/doe_navigation/ament_xmllint/xmllint.txt" "--command" "/opt/ros/jazzy/bin/ament_xmllint" "--xunit-file" "/home/hollowknight/Documents/code/Doe/build/doe_navigation/test_results/doe_navigation/xmllint.xunit.xml"</Value>
				</NamedMeasurement>
				<NamedMeasurement type="text/string" name="Environment">
					<Value>#CTEST_RESOURCE_GROUP_COUNT=</Value>
				</NamedMeasurement>
				<Measurement>
					<Value>-- run_test.py: invoking following command in '/home/hollowknight/Documents/code/Doe/src/doe_navigation':
 - /opt/ros/jazzy/bin/ament_xmllint --xunit-file /home/hollowknight/Documents/code/Doe/build/doe_navigation/test_results/doe_navigation/xmllint.xunit.xml
File 'package.xml' is valid

No problems found
-- run_test.py: return code 0
-- run_test.py: verify result file '/home/hollowknight/Documents/code/Doe/build/doe_navigation/test_results/doe_navigation/xmllint.xunit.xml'
</Value>
				</Measurement>
			</Results>
			<Labels>
				<Label>linter</Label>
				<Label>xmllint</Label>
			</Labels>
		</Test>
		<EndDateTime>Nov 30 07:38 PST</EndDateTime>
		<EndTestTime>1732981128</EndTestTime>
		<ElapsedMinutes>0</ElapsedMinutes>
	</Testing>
</Site>
